2026-04-13 11:24:56,430:WARNING:
'cuml' is a soft dependency and not included in the pycaret installation. Please run: `pip install cuml` to install.
2026-04-13 11:24:56,431:WARNING:
'cuml' is a soft dependency and not included in the pycaret installation. Please run: `pip install cuml` to install.
2026-04-13 11:24:56,431:WARNING:
'cuml' is a soft dependency and not included in the pycaret installation. Please run: `pip install cuml` to install.
2026-04-13 11:24:56,431:WARNING:
'cuml' is a soft dependency and not included in the pycaret installation. Please run: `pip install cuml` to install.
2026-04-13 11:25:01,028:INFO:PyCaret ClassificationExperiment
2026-04-13 11:25:01,028:INFO:Logging name: clf-default-name
2026-04-13 11:25:01,028:INFO:ML Usecase: MLUsecase.CLASSIFICATION
2026-04-13 11:25:01,028:INFO:version 3.3.2
2026-04-13 11:25:01,028:INFO:Initializing setup()
2026-04-13 11:25:01,028:INFO:self.USI: 2e97
2026-04-13 11:25:01,028:INFO:self._variable_keys: {'target_param', 'html_param', 'memory', 'exp_name_log', 'data', 'fix_imbalance', 'X_test', 'pipeline', 'fold_groups_param', 'X_train', 'n_jobs_param', 'USI', '_available_plots', 'fold_shuffle_param', 'seed', 'y_test', 'is_multiclass', 'X', 'y_train', 'fold_generator', 'gpu_param', 'y', 'idx', '_ml_usecase', 'log_plots_param', 'logging_param', 'gpu_n_jobs_param', 'exp_id'}
2026-04-13 11:25:01,028:INFO:Checking environment
2026-04-13 11:25:01,028:INFO:python_version: 3.11.14
2026-04-13 11:25:01,028:INFO:python_build: ('main', 'Oct  9 2025 16:16:55')
2026-04-13 11:25:01,028:INFO:machine: arm64
2026-04-13 11:25:01,052:INFO:platform: macOS-26.3-arm64-arm-64bit
2026-04-13 11:25:01,052:INFO:Memory: svmem(total=17179869184, available=3298689024, percent=80.8, used=6221119488, free=59850752, active=3254091776, inactive=3194093568, wired=2967027712)
2026-04-13 11:25:01,052:INFO:Physical Core: 12
2026-04-13 11:25:01,053:INFO:Logical Core: 12
2026-04-13 11:25:01,053:INFO:Checking libraries
2026-04-13 11:25:01,053:INFO:System:
2026-04-13 11:25:01,053:INFO:    python: 3.11.14 (main, Oct  9 2025, 16:16:55) [Clang 17.0.0 (clang-1700.6.3.2)]
2026-04-13 11:25:01,053:INFO:executable: /Users/gaspardseuge/PycharmProjects/ml-pipeline-assignment/.venv/bin/python3
2026-04-13 11:25:01,053:INFO:   machine: macOS-26.3-arm64-arm-64bit
2026-04-13 11:25:01,053:INFO:PyCaret required dependencies:
2026-04-13 11:32:02,474:WARNING:
'cuml' is a soft dependency and not included in the pycaret installation. Please run: `pip install cuml` to install.
2026-04-13 11:32:02,475:WARNING:
'cuml' is a soft dependency and not included in the pycaret installation. Please run: `pip install cuml` to install.
2026-04-13 11:32:02,475:WARNING:
'cuml' is a soft dependency and not included in the pycaret installation. Please run: `pip install cuml` to install.
2026-04-13 11:32:02,475:WARNING:
'cuml' is a soft dependency and not included in the pycaret installation. Please run: `pip install cuml` to install.
2026-04-13 11:32:03,387:INFO:PyCaret ClassificationExperiment
2026-04-13 11:32:03,387:INFO:Logging name: clf-default-name
2026-04-13 11:32:03,387:INFO:ML Usecase: MLUsecase.CLASSIFICATION
2026-04-13 11:32:03,387:INFO:version 3.3.2
2026-04-13 11:32:03,387:INFO:Initializing setup()
2026-04-13 11:32:03,387:INFO:self.USI: 445a
2026-04-13 11:32:03,387:INFO:self._variable_keys: {'memory', 'X_train', 'USI', 'fold_generator', 'html_param', 'exp_id', 'logging_param', 'X', 'y_test', 'y', 'log_plots_param', 'fold_groups_param', 'seed', 'pipeline', 'data', 'X_test', 'is_multiclass', '_available_plots', '_ml_usecase', 'n_jobs_param', 'target_param', 'fold_shuffle_param', 'exp_name_log', 'fix_imbalance', 'idx', 'gpu_n_jobs_param', 'gpu_param', 'y_train'}
2026-04-13 11:32:03,387:INFO:Checking environment
2026-04-13 11:32:03,387:INFO:python_version: 3.11.14
2026-04-13 11:32:03,387:INFO:python_build: ('main', 'Oct  9 2025 16:16:55')
2026-04-13 11:32:03,387:INFO:machine: arm64
2026-04-13 11:32:03,410:INFO:platform: macOS-26.3-arm64-arm-64bit
2026-04-13 11:32:03,410:INFO:Memory: svmem(total=17179869184, available=2719105024, percent=84.2, used=6922715136, free=77348864, active=2813001728, inactive=2510454784, wired=4109713408)
2026-04-13 11:32:03,410:INFO:Physical Core: 12
2026-04-13 11:32:03,410:INFO:Logical Core: 12
2026-04-13 11:32:03,410:INFO:Checking libraries
2026-04-13 11:32:03,410:INFO:System:
2026-04-13 11:32:03,410:INFO:    python: 3.11.14 (main, Oct  9 2025, 16:16:55) [Clang 17.0.0 (clang-1700.6.3.2)]
2026-04-13 11:32:03,410:INFO:executable: /Users/gaspardseuge/PycharmProjects/ml-pipeline-assignment/.venv/bin/python3
2026-04-13 11:32:03,410:INFO:   machine: macOS-26.3-arm64-arm-64bit
2026-04-13 11:32:03,410:INFO:PyCaret required dependencies:
2026-04-13 11:32:03,742:INFO:                 pip: 26.0
2026-04-13 11:32:03,742:INFO:          setuptools: 80.10.2
2026-04-13 11:32:03,742:INFO:             pycaret: 3.3.2
2026-04-13 11:32:03,742:INFO:             IPython: 9.10.1
2026-04-13 11:32:03,742:INFO:          ipywidgets: 8.1.8
2026-04-13 11:32:03,742:INFO:                tqdm: 4.67.3
2026-04-13 11:32:03,742:INFO:               numpy: 1.26.4
2026-04-13 11:32:03,742:INFO:              pandas: 2.1.4
2026-04-13 11:32:03,742:INFO:              jinja2: 3.1.6
2026-04-13 11:32:03,742:INFO:               scipy: 1.11.4
2026-04-13 11:32:03,742:INFO:              joblib: 1.3.2
2026-04-13 11:32:03,742:INFO:             sklearn: 1.4.2
2026-04-13 11:32:03,742:INFO:                pyod: 3.0.0
2026-04-13 11:32:03,742:INFO:            imblearn: 0.14.1
2026-04-13 11:32:03,742:INFO:   category_encoders: 2.7.0
2026-04-13 11:32:03,742:INFO:            lightgbm: 4.6.0
2026-04-13 11:32:03,742:INFO:               numba: 0.65.0
2026-04-13 11:32:03,742:INFO:            requests: 2.33.1
2026-04-13 11:32:03,742:INFO:          matplotlib: 3.7.5
2026-04-13 11:32:03,742:INFO:          scikitplot: 0.3.7
2026-04-13 11:32:03,742:INFO:         yellowbrick: 1.5
2026-04-13 11:32:03,742:INFO:              plotly: 6.7.0
2026-04-13 11:32:03,742:INFO:    plotly-resampler: Not installed
2026-04-13 11:32:03,742:INFO:             kaleido: 1.2.0
2026-04-13 11:32:03,742:INFO:           schemdraw: 0.15
2026-04-13 11:32:03,742:INFO:         statsmodels: 0.14.6
2026-04-13 11:32:03,742:INFO:              sktime: 0.26.0
2026-04-13 11:32:03,742:INFO:               tbats: 1.1.3
2026-04-13 11:32:03,742:INFO:            pmdarima: 2.0.4
2026-04-13 11:32:03,742:INFO:              psutil: 7.2.2
2026-04-13 11:32:03,742:INFO:          markupsafe: 3.0.3
2026-04-13 11:32:03,742:INFO:             pickle5: Not installed
2026-04-13 11:32:03,742:INFO:         cloudpickle: 3.1.2
2026-04-13 11:32:03,742:INFO:         deprecation: 2.1.0
2026-04-13 11:32:03,742:INFO:              xxhash: 3.6.0
2026-04-13 11:32:03,742:INFO:           wurlitzer: 3.1.1
2026-04-13 11:32:03,742:INFO:PyCaret optional dependencies:
2026-04-13 11:32:04,466:INFO:                shap: Not installed
2026-04-13 11:32:04,466:INFO:           interpret: Not installed
2026-04-13 11:32:04,466:INFO:                umap: Not installed
2026-04-13 11:32:04,466:INFO:     ydata_profiling: Not installed
2026-04-13 11:32:04,466:INFO:  explainerdashboard: Not installed
2026-04-13 11:32:04,466:INFO:             autoviz: Not installed
2026-04-13 11:32:04,466:INFO:           fairlearn: Not installed
2026-04-13 11:32:04,466:INFO:          deepchecks: Not installed
2026-04-13 11:32:04,466:INFO:             xgboost: Not installed
2026-04-13 11:32:04,466:INFO:            catboost: Not installed
2026-04-13 11:32:04,466:INFO:              kmodes: Not installed
2026-04-13 11:32:04,466:INFO:             mlxtend: Not installed
2026-04-13 11:32:04,466:INFO:       statsforecast: Not installed
2026-04-13 11:32:04,466:INFO:        tune_sklearn: Not installed
2026-04-13 11:32:04,466:INFO:                 ray: Not installed
2026-04-13 11:32:04,466:INFO:            hyperopt: Not installed
2026-04-13 11:32:04,466:INFO:              optuna: Not installed
2026-04-13 11:32:04,467:INFO:               skopt: Not installed
2026-04-13 11:32:04,467:INFO:              mlflow: Not installed
2026-04-13 11:32:04,467:INFO:              gradio: Not installed
2026-04-13 11:32:04,467:INFO:             fastapi: 0.135.3
2026-04-13 11:32:04,467:INFO:             uvicorn: 0.44.0
2026-04-13 11:32:04,467:INFO:              m2cgen: Not installed
2026-04-13 11:32:04,467:INFO:           evidently: Not installed
2026-04-13 11:32:04,467:INFO:               fugue: Not installed
2026-04-13 11:32:04,467:INFO:           streamlit: Not installed
2026-04-13 11:32:04,467:INFO:             prophet: Not installed
2026-04-13 11:32:04,467:INFO:None
2026-04-13 11:32:04,467:INFO:Set up data.
2026-04-13 11:32:04,473:INFO:Set up folding strategy.
2026-04-13 11:32:04,473:INFO:Set up train/test split.
2026-04-13 11:32:04,477:INFO:Set up index.
2026-04-13 11:32:04,478:INFO:Assigning column types.
2026-04-13 11:32:04,480:INFO:Engine successfully changes for model 'lr' to 'sklearn'.
2026-04-13 11:32:04,501:INFO:Engine for model 'knn' has not been set explicitly, hence returning None.
2026-04-13 11:32:04,503:INFO:Engine for model 'rbfsvm' has not been set explicitly, hence returning None.
2026-04-13 11:32:04,520:WARNING:
'xgboost' is a soft dependency and not included in the pycaret installation. Please run: `pip install xgboost` to install.
Alternately, you can install this by running `pip install pycaret[models]`
2026-04-13 11:32:04,521:WARNING:
'catboost' is a soft dependency and not included in the pycaret installation. Please run: `pip install catboost` to install.
Alternately, you can install this by running `pip install pycaret[models]`
2026-04-13 11:32:04,541:INFO:Engine for model 'knn' has not been set explicitly, hence returning None.
2026-04-13 11:32:04,541:INFO:Engine for model 'rbfsvm' has not been set explicitly, hence returning None.
2026-04-13 11:32:04,554:WARNING:
'xgboost' is a soft dependency and not included in the pycaret installation. Please run: `pip install xgboost` to install.
Alternately, you can install this by running `pip install pycaret[models]`
2026-04-13 11:32:04,554:WARNING:
'catboost' is a soft dependency and not included in the pycaret installation. Please run: `pip install catboost` to install.
Alternately, you can install this by running `pip install pycaret[models]`
2026-04-13 11:32:04,554:INFO:Engine successfully changes for model 'knn' to 'sklearn'.
2026-04-13 11:32:04,575:INFO:Engine for model 'rbfsvm' has not been set explicitly, hence returning None.
2026-04-13 11:32:04,587:WARNING:
'xgboost' is a soft dependency and not included in the pycaret installation. Please run: `pip install xgboost` to install.
Alternately, you can install this by running `pip install pycaret[models]`
2026-04-13 11:32:04,587:WARNING:
'catboost' is a soft dependency and not included in the pycaret installation. Please run: `pip install catboost` to install.
Alternately, you can install this by running `pip install pycaret[models]`
2026-04-13 11:32:04,608:INFO:Engine for model 'rbfsvm' has not been set explicitly, hence returning None.
2026-04-13 11:32:04,620:WARNING:
'xgboost' is a soft dependency and not included in the pycaret installation. Please run: `pip install xgboost` to install.
Alternately, you can install this by running `pip install pycaret[models]`
2026-04-13 11:32:04,621:WARNING:
'catboost' is a soft dependency and not included in the pycaret installation. Please run: `pip install catboost` to install.
Alternately, you can install this by running `pip install pycaret[models]`
2026-04-13 11:32:04,621:INFO:Engine successfully changes for model 'rbfsvm' to 'sklearn'.
2026-04-13 11:32:04,654:WARNING:
'xgboost' is a soft dependency and not included in the pycaret installation. Please run: `pip install xgboost` to install.
Alternately, you can install this by running `pip install pycaret[models]`
2026-04-13 11:32:04,654:WARNING:
'catboost' is a soft dependency and not included in the pycaret installation. Please run: `pip install catboost` to install.
Alternately, you can install this by running `pip install pycaret[models]`
2026-04-13 11:32:04,688:WARNING:
'xgboost' is a soft dependency and not included in the pycaret installation. Please run: `pip install xgboost` to install.
Alternately, you can install this by running `pip install pycaret[models]`
2026-04-13 11:32:04,688:WARNING:
'catboost' is a soft dependency and not included in the pycaret installation. Please run: `pip install catboost` to install.
Alternately, you can install this by running `pip install pycaret[models]`
2026-04-13 11:32:04,690:INFO:Preparing preprocessing pipeline...
2026-04-13 11:32:04,691:INFO:Set up simple imputation.
2026-04-13 11:32:04,692:INFO:Set up column name cleaning.
2026-04-13 11:32:04,706:INFO:Finished creating preprocessing pipeline.
2026-04-13 11:32:04,709:INFO:Pipeline: Pipeline(memory=FastMemory(location=/var/folders/8x/vthsjvhx71n28nk1gw0yfng40000gn/T/joblib),
         steps=[('numerical_imputer',
                 TransformerWrapper(exclude=None,
                                    include=['mean radius', 'mean texture',
                                             'mean perimeter', 'mean area',
                                             'mean smoothness',
                                             'mean compactness',
                                             'mean concavity',
                                             'mean concave points',
                                             'mean symmetry',
                                             'mean fractal dimension',
                                             'radius error', 'texture err...
                ('categorical_imputer',
                 TransformerWrapper(exclude=None, include=[],
                                    transformer=SimpleImputer(add_indicator=False,
                                                              copy=True,
                                                              fill_value=None,
                                                              keep_empty_features=False,
                                                              missing_values=nan,
                                                              strategy='most_frequent'))),
                ('clean_column_names',
                 TransformerWrapper(exclude=None, include=None,
                                    transformer=CleanColumnNames(match='[\\]\\[\\,\\{\\}\\"\\:]+')))],
         verbose=False)
2026-04-13 11:32:04,709:INFO:Creating final display dataframe.
2026-04-13 11:32:04,751:INFO:Setup _display_container:                     Description             Value
0                    Session id                42
1                        Target            target
2                   Target type            Binary
3           Original data shape        (1707, 31)
4        Transformed data shape        (1707, 31)
5   Transformed train set shape        (1194, 31)
6    Transformed test set shape         (513, 31)
7              Numeric features                30
8                    Preprocess              True
9               Imputation type            simple
10           Numeric imputation              mean
11       Categorical imputation              mode
12               Fold Generator   StratifiedKFold
13                  Fold Number                10
14                     CPU Jobs                -1
15                      Use GPU             False
16               Log Experiment             False
17              Experiment Name  clf-default-name
18                          USI              445a
2026-04-13 11:32:04,785:WARNING:
'xgboost' is a soft dependency and not included in the pycaret installation. Please run: `pip install xgboost` to install.
Alternately, you can install this by running `pip install pycaret[models]`
2026-04-13 11:32:04,785:WARNING:
'catboost' is a soft dependency and not included in the pycaret installation. Please run: `pip install catboost` to install.
Alternately, you can install this by running `pip install pycaret[models]`
2026-04-13 11:32:04,818:WARNING:
'xgboost' is a soft dependency and not included in the pycaret installation. Please run: `pip install xgboost` to install.
Alternately, you can install this by running `pip install pycaret[models]`
2026-04-13 11:32:04,818:WARNING:
'catboost' is a soft dependency and not included in the pycaret installation. Please run: `pip install catboost` to install.
Alternately, you can install this by running `pip install pycaret[models]`
2026-04-13 11:32:04,818:INFO:setup() successfully completed in 1.43s...............
2026-04-13 11:32:04,818:INFO:Initializing compare_models()
2026-04-13 11:32:04,818:INFO:compare_models(self=<pycaret.classification.oop.ClassificationExperiment object at 0x142971310>, include=None, exclude=None, fold=None, round=4, cross_validation=True, sort=Accuracy, n_select=3, budget_time=None, turbo=True, errors=ignore, fit_kwargs=None, groups=None, experiment_custom_tags=None, probability_threshold=None, verbose=False, parallel=None, caller_params={'self': <pycaret.classification.oop.ClassificationExperiment object at 0x142971310>, 'include': None, 'exclude': None, 'fold': None, 'round': 4, 'cross_validation': True, 'sort': 'Accuracy', 'n_select': 3, 'budget_time': None, 'turbo': True, 'errors': 'ignore', 'fit_kwargs': None, 'groups': None, 'experiment_custom_tags': None, 'probability_threshold': None, 'engine': None, 'verbose': False, 'parallel': None, '__class__': <class 'pycaret.classification.oop.ClassificationExperiment'>})
2026-04-13 11:32:04,818:INFO:Checking exceptions
2026-04-13 11:32:04,821:INFO:Preparing display monitor
2026-04-13 11:32:04,822:INFO:Initializing Logistic Regression
2026-04-13 11:32:04,822:INFO:Total runtime is 6.159146626790365e-07 minutes
2026-04-13 11:32:04,822:INFO:SubProcess create_model() called ==================================
2026-04-13 11:32:04,822:INFO:Initializing create_model()
2026-04-13 11:32:04,822:INFO:create_model(self=<pycaret.classification.oop.ClassificationExperiment object at 0x142971310>, estimator=lr, fold=StratifiedKFold(n_splits=10, random_state=None, shuffle=False), round=4, cross_validation=True, predict=True, fit_kwargs={}, groups=None, refit=False, probability_threshold=None, experiment_custom_tags=None, verbose=False, system=False, add_to_model_list=True, metrics=None, display=<pycaret.internal.display.display.CommonDisplay object at 0x147a36c10>, model_only=True, return_train_score=False, error_score=0.0, kwargs={})
2026-04-13 11:32:04,822:INFO:Checking exceptions
2026-04-13 11:32:04,822:INFO:Importing libraries
2026-04-13 11:32:04,822:INFO:Copying training dataset
2026-04-13 11:32:04,826:INFO:Defining folds
2026-04-13 11:32:04,826:INFO:Declaring metric variables
2026-04-13 11:32:04,826:INFO:Importing untrained model
2026-04-13 11:32:04,826:INFO:Logistic Regression Imported successfully
2026-04-13 11:32:04,826:INFO:Starting cross validation
2026-04-13 11:32:04,827:INFO:Cross validating with StratifiedKFold(n_splits=10, random_state=None, shuffle=False), n_jobs=-1
2026-04-13 11:32:07,428:WARNING:/Users/gaspardseuge/PycharmProjects/ml-pipeline-assignment/.venv/lib/python3.11/site-packages/_distutils_hack/__init__.py:30: UserWarning: Setuptools is replacing distutils. Support for replacing an already imported distutils is deprecated. In the future, this condition will fail. Register concerns at https://github.com/pypa/setuptools/issues/new?template=distutils-deprecation.yml
  warnings.warn(

2026-04-13 11:32:07,429:WARNING:/Users/gaspardseuge/PycharmProjects/ml-pipeline-assignment/.venv/lib/python3.11/site-packages/_distutils_hack/__init__.py:30: UserWarning: Setuptools is replacing distutils. Support for replacing an already imported distutils is deprecated. In the future, this condition will fail. Register concerns at https://github.com/pypa/setuptools/issues/new?template=distutils-deprecation.yml
  warnings.warn(

2026-04-13 11:32:07,435:WARNING:/Users/gaspardseuge/PycharmProjects/ml-pipeline-assignment/.venv/lib/python3.11/site-packages/_distutils_hack/__init__.py:30: UserWarning: Setuptools is replacing distutils. Support for replacing an already imported distutils is deprecated. In the future, this condition will fail. Register concerns at https://github.com/pypa/setuptools/issues/new?template=distutils-deprecation.yml
  warnings.warn(

2026-04-13 11:32:07,436:WARNING:/Users/gaspardseuge/PycharmProjects/ml-pipeline-assignment/.venv/lib/python3.11/site-packages/_distutils_hack/__init__.py:30: UserWarning: Setuptools is replacing distutils. Support for replacing an already imported distutils is deprecated. In the future, this condition will fail. Register concerns at https://github.com/pypa/setuptools/issues/new?template=distutils-deprecation.yml
  warnings.warn(

2026-04-13 11:32:07,439:WARNING:/Users/gaspardseuge/PycharmProjects/ml-pipeline-assignment/.venv/lib/python3.11/site-packages/_distutils_hack/__init__.py:30: UserWarning: Setuptools is replacing distutils. Support for replacing an already imported distutils is deprecated. In the future, this condition will fail. Register concerns at https://github.com/pypa/setuptools/issues/new?template=distutils-deprecation.yml
  warnings.warn(

2026-04-13 11:32:07,441:WARNING:/Users/gaspardseuge/PycharmProjects/ml-pipeline-assignment/.venv/lib/python3.11/site-packages/_distutils_hack/__init__.py:30: UserWarning: Setuptools is replacing distutils. Support for replacing an already imported distutils is deprecated. In the future, this condition will fail. Register concerns at https://github.com/pypa/setuptools/issues/new?template=distutils-deprecation.yml
  warnings.warn(

2026-04-13 11:32:07,447:WARNING:/Users/gaspardseuge/PycharmProjects/ml-pipeline-assignment/.venv/lib/python3.11/site-packages/_distutils_hack/__init__.py:30: UserWarning: Setuptools is replacing distutils. Support for replacing an already imported distutils is deprecated. In the future, this condition will fail. Register concerns at https://github.com/pypa/setuptools/issues/new?template=distutils-deprecation.yml
  warnings.warn(

2026-04-13 11:32:07,450:WARNING:/Users/gaspardseuge/PycharmProjects/ml-pipeline-assignment/.venv/lib/python3.11/site-packages/_distutils_hack/__init__.py:30: UserWarning: Setuptools is replacing distutils. Support for replacing an already imported distutils is deprecated. In the future, this condition will fail. Register concerns at https://github.com/pypa/setuptools/issues/new?template=distutils-deprecation.yml
  warnings.warn(

2026-04-13 11:32:07,455:WARNING:/Users/gaspardseuge/PycharmProjects/ml-pipeline-assignment/.venv/lib/python3.11/site-packages/_distutils_hack/__init__.py:30: UserWarning: Setuptools is replacing distutils. Support for replacing an already imported distutils is deprecated. In the future, this condition will fail. Register concerns at https://github.com/pypa/setuptools/issues/new?template=distutils-deprecation.yml
  warnings.warn(

2026-04-13 11:32:07,489:WARNING:/Users/gaspardseuge/PycharmProjects/ml-pipeline-assignment/.venv/lib/python3.11/site-packages/_distutils_hack/__init__.py:30: UserWarning: Setuptools is replacing distutils. Support for replacing an already imported distutils is deprecated. In the future, this condition will fail. Register concerns at https://github.com/pypa/setuptools/issues/new?template=distutils-deprecation.yml
  warnings.warn(

2026-04-13 11:32:07,629:WARNING:/Users/gaspardseuge/PycharmProjects/ml-pipeline-assignment/.venv/lib/python3.11/site-packages/sklearn/linear_model/_logistic.py:469: ConvergenceWarning: lbfgs failed to converge (status=1):
STOP: TOTAL NO. of ITERATIONS REACHED LIMIT.

Increase the number of iterations (max_iter) or scale the data as shown in:
    https://scikit-learn.org/stable/modules/preprocessing.html
Please also refer to the documentation for alternative solver options:
    https://scikit-learn.org/stable/modules/linear_model.html#logistic-regression
  n_iter_i = _check_optimize_result(

2026-04-13 11:32:07,633:WARNING:/Users/gaspardseuge/PycharmProjects/ml-pipeline-assignment/.venv/lib/python3.11/site-packages/sklearn/linear_model/_logistic.py:469: ConvergenceWarning: lbfgs failed to converge (status=1):
STOP: TOTAL NO. of ITERATIONS REACHED LIMIT.

Increase the number of iterations (max_iter) or scale the data as shown in:
    https://scikit-learn.org/stable/modules/preprocessing.html
Please also refer to the documentation for alternative solver options:
    https://scikit-learn.org/stable/modules/linear_model.html#logistic-regression
  n_iter_i = _check_optimize_result(

2026-04-13 11:32:07,642:WARNING:/Users/gaspardseuge/PycharmProjects/ml-pipeline-assignment/.venv/lib/python3.11/site-packages/sklearn/linear_model/_logistic.py:469: ConvergenceWarning: lbfgs failed to converge (status=1):
STOP: TOTAL NO. of ITERATIONS REACHED LIMIT.

Increase the number of iterations (max_iter) or scale the data as shown in:
    https://scikit-learn.org/stable/modules/preprocessing.html
Please also refer to the documentation for alternative solver options:
    https://scikit-learn.org/stable/modules/linear_model.html#logistic-regression
  n_iter_i = _check_optimize_result(

2026-04-13 11:32:07,642:WARNING:/Users/gaspardseuge/PycharmProjects/ml-pipeline-assignment/.venv/lib/python3.11/site-packages/sklearn/linear_model/_logistic.py:469: ConvergenceWarning: lbfgs failed to converge (status=1):
STOP: TOTAL NO. of ITERATIONS REACHED LIMIT.

Increase the number of iterations (max_iter) or scale the data as shown in:
    https://scikit-learn.org/stable/modules/preprocessing.html
Please also refer to the documentation for alternative solver options:
    https://scikit-learn.org/stable/modules/linear_model.html#logistic-regression
  n_iter_i = _check_optimize_result(

2026-04-13 11:32:07,657:WARNING:/Users/gaspardseuge/PycharmProjects/ml-pipeline-assignment/.venv/lib/python3.11/site-packages/sklearn/linear_model/_logistic.py:469: ConvergenceWarning: lbfgs failed to converge (status=1):
STOP: TOTAL NO. of ITERATIONS REACHED LIMIT.

Increase the number of iterations (max_iter) or scale the data as shown in:
    https://scikit-learn.org/stable/modules/preprocessing.html
Please also refer to the documentation for alternative solver options:
    https://scikit-learn.org/stable/modules/linear_model.html#logistic-regression
  n_iter_i = _check_optimize_result(

2026-04-13 11:32:07,658:WARNING:/Users/gaspardseuge/PycharmProjects/ml-pipeline-assignment/.venv/lib/python3.11/site-packages/sklearn/linear_model/_logistic.py:469: ConvergenceWarning: lbfgs failed to converge (status=1):
STOP: TOTAL NO. of ITERATIONS REACHED LIMIT.

Increase the number of iterations (max_iter) or scale the data as shown in:
    https://scikit-learn.org/stable/modules/preprocessing.html
Please also refer to the documentation for alternative solver options:
    https://scikit-learn.org/stable/modules/linear_model.html#logistic-regression
  n_iter_i = _check_optimize_result(

2026-04-13 11:32:07,660:WARNING:/Users/gaspardseuge/PycharmProjects/ml-pipeline-assignment/.venv/lib/python3.11/site-packages/sklearn/linear_model/_logistic.py:469: ConvergenceWarning: lbfgs failed to converge (status=1):
STOP: TOTAL NO. of ITERATIONS REACHED LIMIT.

Increase the number of iterations (max_iter) or scale the data as shown in:
    https://scikit-learn.org/stable/modules/preprocessing.html
Please also refer to the documentation for alternative solver options:
    https://scikit-learn.org/stable/modules/linear_model.html#logistic-regression
  n_iter_i = _check_optimize_result(

2026-04-13 11:32:07,675:WARNING:/Users/gaspardseuge/PycharmProjects/ml-pipeline-assignment/.venv/lib/python3.11/site-packages/sklearn/linear_model/_logistic.py:469: ConvergenceWarning: lbfgs failed to converge (status=1):
STOP: TOTAL NO. of ITERATIONS REACHED LIMIT.

Increase the number of iterations (max_iter) or scale the data as shown in:
    https://scikit-learn.org/stable/modules/preprocessing.html
Please also refer to the documentation for alternative solver options:
    https://scikit-learn.org/stable/modules/linear_model.html#logistic-regression
  n_iter_i = _check_optimize_result(

2026-04-13 11:32:07,682:WARNING:/Users/gaspardseuge/PycharmProjects/ml-pipeline-assignment/.venv/lib/python3.11/site-packages/sklearn/linear_model/_logistic.py:469: ConvergenceWarning: lbfgs failed to converge (status=1):
STOP: TOTAL NO. of ITERATIONS REACHED LIMIT.

Increase the number of iterations (max_iter) or scale the data as shown in:
    https://scikit-learn.org/stable/modules/preprocessing.html
Please also refer to the documentation for alternative solver options:
    https://scikit-learn.org/stable/modules/linear_model.html#logistic-regression
  n_iter_i = _check_optimize_result(

2026-04-13 11:32:07,707:WARNING:/Users/gaspardseuge/PycharmProjects/ml-pipeline-assignment/.venv/lib/python3.11/site-packages/sklearn/linear_model/_logistic.py:469: ConvergenceWarning: lbfgs failed to converge (status=1):
STOP: TOTAL NO. of ITERATIONS REACHED LIMIT.

Increase the number of iterations (max_iter) or scale the data as shown in:
    https://scikit-learn.org/stable/modules/preprocessing.html
Please also refer to the documentation for alternative solver options:
    https://scikit-learn.org/stable/modules/linear_model.html#logistic-regression
  n_iter_i = _check_optimize_result(

2026-04-13 11:32:07,735:INFO:Calculating mean and std
2026-04-13 11:32:07,736:INFO:Creating metrics dataframe
2026-04-13 11:32:07,742:INFO:Uploading results into container
2026-04-13 11:32:07,743:INFO:Uploading model into container now
2026-04-13 11:32:07,743:INFO:_master_model_container: 1
2026-04-13 11:32:07,743:INFO:_display_container: 2
2026-04-13 11:32:07,744:INFO:LogisticRegression(C=1.0, class_weight=None, dual=False, fit_intercept=True,
                   intercept_scaling=1, l1_ratio=None, max_iter=1000,
                   multi_class='auto', n_jobs=None, penalty='l2',
                   random_state=42, solver='lbfgs', tol=0.0001, verbose=0,
                   warm_start=False)
2026-04-13 11:32:07,744:INFO:create_model() successfully completed......................................
2026-04-13 11:32:07,878:INFO:SubProcess create_model() end ==================================
2026-04-13 11:32:07,878:INFO:Creating metrics dataframe
2026-04-13 11:32:07,879:INFO:Initializing K Neighbors Classifier
2026-04-13 11:32:07,879:INFO:Total runtime is 0.050961716969807946 minutes
2026-04-13 11:32:07,879:INFO:SubProcess create_model() called ==================================
2026-04-13 11:32:07,880:INFO:Initializing create_model()
2026-04-13 11:32:07,880:INFO:create_model(self=<pycaret.classification.oop.ClassificationExperiment object at 0x142971310>, estimator=knn, fold=StratifiedKFold(n_splits=10, random_state=None, shuffle=False), round=4, cross_validation=True, predict=True, fit_kwargs={}, groups=None, refit=False, probability_threshold=None, experiment_custom_tags=None, verbose=False, system=False, add_to_model_list=True, metrics=None, display=<pycaret.internal.display.display.CommonDisplay object at 0x147a36c10>, model_only=True, return_train_score=False, error_score=0.0, kwargs={})
2026-04-13 11:32:07,880:INFO:Checking exceptions
2026-04-13 11:32:07,880:INFO:Importing libraries
2026-04-13 11:32:07,880:INFO:Copying training dataset
2026-04-13 11:32:07,883:INFO:Defining folds
2026-04-13 11:32:07,883:INFO:Declaring metric variables
2026-04-13 11:32:07,883:INFO:Importing untrained model
2026-04-13 11:32:07,883:INFO:K Neighbors Classifier Imported successfully
2026-04-13 11:32:07,883:INFO:Starting cross validation
2026-04-13 11:32:07,884:INFO:Cross validating with StratifiedKFold(n_splits=10, random_state=None, shuffle=False), n_jobs=-1
2026-04-13 11:32:09,482:WARNING:/Users/gaspardseuge/PycharmProjects/ml-pipeline-assignment/.venv/lib/python3.11/site-packages/_distutils_hack/__init__.py:30: UserWarning: Setuptools is replacing distutils. Support for replacing an already imported distutils is deprecated. In the future, this condition will fail. Register concerns at https://github.com/pypa/setuptools/issues/new?template=distutils-deprecation.yml
  warnings.warn(

2026-04-13 11:32:09,569:INFO:Calculating mean and std
2026-04-13 11:32:09,570:INFO:Creating metrics dataframe
2026-04-13 11:32:09,571:INFO:Uploading results into container
2026-04-13 11:32:09,571:INFO:Uploading model into container now
2026-04-13 11:32:09,571:INFO:_master_model_container: 2
2026-04-13 11:32:09,571:INFO:_display_container: 2
2026-04-13 11:32:09,571:INFO:KNeighborsClassifier(algorithm='auto', leaf_size=30, metric='minkowski',
                     metric_params=None, n_jobs=-1, n_neighbors=5, p=2,
                     weights='uniform')
2026-04-13 11:32:09,571:INFO:create_model() successfully completed......................................
2026-04-13 11:32:09,627:INFO:SubProcess create_model() end ==================================
2026-04-13 11:32:09,627:INFO:Creating metrics dataframe
2026-04-13 11:32:09,629:INFO:Initializing Naive Bayes
2026-04-13 11:32:09,629:INFO:Total runtime is 0.08011835018793742 minutes
2026-04-13 11:32:09,629:INFO:SubProcess create_model() called ==================================
2026-04-13 11:32:09,629:INFO:Initializing create_model()
2026-04-13 11:32:09,629:INFO:create_model(self=<pycaret.classification.oop.ClassificationExperiment object at 0x142971310>, estimator=nb, fold=StratifiedKFold(n_splits=10, random_state=None, shuffle=False), round=4, cross_validation=True, predict=True, fit_kwargs={}, groups=None, refit=False, probability_threshold=None, experiment_custom_tags=None, verbose=False, system=False, add_to_model_list=True, metrics=None, display=<pycaret.internal.display.display.CommonDisplay object at 0x147a36c10>, model_only=True, return_train_score=False, error_score=0.0, kwargs={})
2026-04-13 11:32:09,629:INFO:Checking exceptions
2026-04-13 11:32:09,629:INFO:Importing libraries
2026-04-13 11:32:09,629:INFO:Copying training dataset
2026-04-13 11:32:09,632:INFO:Defining folds
2026-04-13 11:32:09,632:INFO:Declaring metric variables
2026-04-13 11:32:09,632:INFO:Importing untrained model
2026-04-13 11:32:09,632:INFO:Naive Bayes Imported successfully
2026-04-13 11:32:09,632:INFO:Starting cross validation
2026-04-13 11:32:09,632:INFO:Cross validating with StratifiedKFold(n_splits=10, random_state=None, shuffle=False), n_jobs=-1
2026-04-13 11:32:11,132:WARNING:/Users/gaspardseuge/PycharmProjects/ml-pipeline-assignment/.venv/lib/python3.11/site-packages/_distutils_hack/__init__.py:30: UserWarning: Setuptools is replacing distutils. Support for replacing an already imported distutils is deprecated. In the future, this condition will fail. Register concerns at https://github.com/pypa/setuptools/issues/new?template=distutils-deprecation.yml
  warnings.warn(

2026-04-13 11:32:11,220:INFO:Calculating mean and std
2026-04-13 11:32:11,221:INFO:Creating metrics dataframe
2026-04-13 11:32:11,221:INFO:Uploading results into container
2026-04-13 11:32:11,222:INFO:Uploading model into container now
2026-04-13 11:32:11,222:INFO:_master_model_container: 3
2026-04-13 11:32:11,222:INFO:_display_container: 2
2026-04-13 11:32:11,222:INFO:GaussianNB(priors=None, var_smoothing=1e-09)
2026-04-13 11:32:11,222:INFO:create_model() successfully completed......................................
2026-04-13 11:32:11,273:INFO:SubProcess create_model() end ==================================
2026-04-13 11:32:11,273:INFO:Creating metrics dataframe
2026-04-13 11:32:11,275:INFO:Initializing Decision Tree Classifier
2026-04-13 11:32:11,275:INFO:Total runtime is 0.10755080382029215 minutes
2026-04-13 11:32:11,275:INFO:SubProcess create_model() called ==================================
2026-04-13 11:32:11,275:INFO:Initializing create_model()
2026-04-13 11:32:11,275:INFO:create_model(self=<pycaret.classification.oop.ClassificationExperiment object at 0x142971310>, estimator=dt, fold=StratifiedKFold(n_splits=10, random_state=None, shuffle=False), round=4, cross_validation=True, predict=True, fit_kwargs={}, groups=None, refit=False, probability_threshold=None, experiment_custom_tags=None, verbose=False, system=False, add_to_model_list=True, metrics=None, display=<pycaret.internal.display.display.CommonDisplay object at 0x147a36c10>, model_only=True, return_train_score=False, error_score=0.0, kwargs={})
2026-04-13 11:32:11,275:INFO:Checking exceptions
2026-04-13 11:32:11,275:INFO:Importing libraries
2026-04-13 11:32:11,275:INFO:Copying training dataset
2026-04-13 11:32:11,278:INFO:Defining folds
2026-04-13 11:32:11,278:INFO:Declaring metric variables
2026-04-13 11:32:11,278:INFO:Importing untrained model
2026-04-13 11:32:11,278:INFO:Decision Tree Classifier Imported successfully
2026-04-13 11:32:11,278:INFO:Starting cross validation
2026-04-13 11:32:11,278:INFO:Cross validating with StratifiedKFold(n_splits=10, random_state=None, shuffle=False), n_jobs=-1
2026-04-13 11:32:11,358:INFO:Calculating mean and std
2026-04-13 11:32:11,358:INFO:Creating metrics dataframe
2026-04-13 11:32:11,359:INFO:Uploading results into container
2026-04-13 11:32:11,359:INFO:Uploading model into container now
2026-04-13 11:32:11,359:INFO:_master_model_container: 4
2026-04-13 11:32:11,359:INFO:_display_container: 2
2026-04-13 11:32:11,359:INFO:DecisionTreeClassifier(ccp_alpha=0.0, class_weight=None, criterion='gini',
                       max_depth=None, max_features=None, max_leaf_nodes=None,
                       min_impurity_decrease=0.0, min_samples_leaf=1,
                       min_samples_split=2, min_weight_fraction_leaf=0.0,
                       monotonic_cst=None, random_state=42, splitter='best')
2026-04-13 11:32:11,359:INFO:create_model() successfully completed......................................
2026-04-13 11:32:11,403:INFO:SubProcess create_model() end ==================================
2026-04-13 11:32:11,403:INFO:Creating metrics dataframe
2026-04-13 11:32:11,405:INFO:Initializing SVM - Linear Kernel
2026-04-13 11:32:11,405:INFO:Total runtime is 0.10971835056940714 minutes
2026-04-13 11:32:11,405:INFO:SubProcess create_model() called ==================================
2026-04-13 11:32:11,405:INFO:Initializing create_model()
2026-04-13 11:32:11,405:INFO:create_model(self=<pycaret.classification.oop.ClassificationExperiment object at 0x142971310>, estimator=svm, fold=StratifiedKFold(n_splits=10, random_state=None, shuffle=False), round=4, cross_validation=True, predict=True, fit_kwargs={}, groups=None, refit=False, probability_threshold=None, experiment_custom_tags=None, verbose=False, system=False, add_to_model_list=True, metrics=None, display=<pycaret.internal.display.display.CommonDisplay object at 0x147a36c10>, model_only=True, return_train_score=False, error_score=0.0, kwargs={})
2026-04-13 11:32:11,405:INFO:Checking exceptions
2026-04-13 11:32:11,405:INFO:Importing libraries
2026-04-13 11:32:11,405:INFO:Copying training dataset
2026-04-13 11:32:11,408:INFO:Defining folds
2026-04-13 11:32:11,408:INFO:Declaring metric variables
2026-04-13 11:32:11,408:INFO:Importing untrained model
2026-04-13 11:32:11,408:INFO:SVM - Linear Kernel Imported successfully
2026-04-13 11:32:11,408:INFO:Starting cross validation
2026-04-13 11:32:11,408:INFO:Cross validating with StratifiedKFold(n_splits=10, random_state=None, shuffle=False), n_jobs=-1
2026-04-13 11:32:11,460:INFO:Calculating mean and std
2026-04-13 11:32:11,461:INFO:Creating metrics dataframe
2026-04-13 11:32:11,461:INFO:Uploading results into container
2026-04-13 11:32:11,462:INFO:Uploading model into container now
2026-04-13 11:32:11,462:INFO:_master_model_container: 5
2026-04-13 11:32:11,462:INFO:_display_container: 2
2026-04-13 11:32:11,462:INFO:SGDClassifier(alpha=0.0001, average=False, class_weight=None,
              early_stopping=False, epsilon=0.1, eta0=0.001, fit_intercept=True,
              l1_ratio=0.15, learning_rate='optimal', loss='hinge',
              max_iter=1000, n_iter_no_change=5, n_jobs=-1, penalty='l2',
              power_t=0.5, random_state=42, shuffle=True, tol=0.001,
              validation_fraction=0.1, verbose=0, warm_start=False)
2026-04-13 11:32:11,462:INFO:create_model() successfully completed......................................
2026-04-13 11:32:11,519:INFO:SubProcess create_model() end ==================================
2026-04-13 11:32:11,519:INFO:Creating metrics dataframe
2026-04-13 11:32:11,520:INFO:Initializing Ridge Classifier
2026-04-13 11:32:11,520:INFO:Total runtime is 0.11164676745732624 minutes
2026-04-13 11:32:11,521:INFO:SubProcess create_model() called ==================================
2026-04-13 11:32:11,521:INFO:Initializing create_model()
2026-04-13 11:32:11,521:INFO:create_model(self=<pycaret.classification.oop.ClassificationExperiment object at 0x142971310>, estimator=ridge, fold=StratifiedKFold(n_splits=10, random_state=None, shuffle=False), round=4, cross_validation=True, predict=True, fit_kwargs={}, groups=None, refit=False, probability_threshold=None, experiment_custom_tags=None, verbose=False, system=False, add_to_model_list=True, metrics=None, display=<pycaret.internal.display.display.CommonDisplay object at 0x147a36c10>, model_only=True, return_train_score=False, error_score=0.0, kwargs={})
2026-04-13 11:32:11,521:INFO:Checking exceptions
2026-04-13 11:32:11,521:INFO:Importing libraries
2026-04-13 11:32:11,521:INFO:Copying training dataset
2026-04-13 11:32:11,524:INFO:Defining folds
2026-04-13 11:32:11,524:INFO:Declaring metric variables
2026-04-13 11:32:11,524:INFO:Importing untrained model
2026-04-13 11:32:11,524:INFO:Ridge Classifier Imported successfully
2026-04-13 11:32:11,524:INFO:Starting cross validation
2026-04-13 11:32:11,524:INFO:Cross validating with StratifiedKFold(n_splits=10, random_state=None, shuffle=False), n_jobs=-1
2026-04-13 11:32:11,545:WARNING:/Users/gaspardseuge/PycharmProjects/ml-pipeline-assignment/.venv/lib/python3.11/site-packages/sklearn/linear_model/_ridge.py:204: LinAlgWarning: Ill-conditioned matrix (rcond=3.79207e-09): result may not be accurate.
  return linalg.solve(A, Xy, assume_a="pos", overwrite_a=True).T

2026-04-13 11:32:11,545:WARNING:/Users/gaspardseuge/PycharmProjects/ml-pipeline-assignment/.venv/lib/python3.11/site-packages/sklearn/linear_model/_ridge.py:204: LinAlgWarning: Ill-conditioned matrix (rcond=3.85854e-09): result may not be accurate.
  return linalg.solve(A, Xy, assume_a="pos", overwrite_a=True).T

2026-04-13 11:32:11,545:WARNING:/Users/gaspardseuge/PycharmProjects/ml-pipeline-assignment/.venv/lib/python3.11/site-packages/sklearn/linear_model/_ridge.py:204: LinAlgWarning: Ill-conditioned matrix (rcond=4.38069e-09): result may not be accurate.
  return linalg.solve(A, Xy, assume_a="pos", overwrite_a=True).T

2026-04-13 11:32:11,545:WARNING:/Users/gaspardseuge/PycharmProjects/ml-pipeline-assignment/.venv/lib/python3.11/site-packages/sklearn/linear_model/_ridge.py:204: LinAlgWarning: Ill-conditioned matrix (rcond=4.07058e-09): result may not be accurate.
  return linalg.solve(A, Xy, assume_a="pos", overwrite_a=True).T

2026-04-13 11:32:11,549:WARNING:/Users/gaspardseuge/PycharmProjects/ml-pipeline-assignment/.venv/lib/python3.11/site-packages/sklearn/linear_model/_ridge.py:204: LinAlgWarning: Ill-conditioned matrix (rcond=3.91691e-09): result may not be accurate.
  return linalg.solve(A, Xy, assume_a="pos", overwrite_a=True).T

2026-04-13 11:32:11,551:WARNING:/Users/gaspardseuge/PycharmProjects/ml-pipeline-assignment/.venv/lib/python3.11/site-packages/sklearn/linear_model/_ridge.py:204: LinAlgWarning: Ill-conditioned matrix (rcond=4.06784e-09): result may not be accurate.
  return linalg.solve(A, Xy, assume_a="pos", overwrite_a=True).T

2026-04-13 11:32:11,551:WARNING:/Users/gaspardseuge/PycharmProjects/ml-pipeline-assignment/.venv/lib/python3.11/site-packages/sklearn/linear_model/_ridge.py:204: LinAlgWarning: Ill-conditioned matrix (rcond=4.21578e-09): result may not be accurate.
  return linalg.solve(A, Xy, assume_a="pos", overwrite_a=True).T

2026-04-13 11:32:11,551:WARNING:/Users/gaspardseuge/PycharmProjects/ml-pipeline-assignment/.venv/lib/python3.11/site-packages/sklearn/linear_model/_ridge.py:204: LinAlgWarning: Ill-conditioned matrix (rcond=4.15009e-09): result may not be accurate.
  return linalg.solve(A, Xy, assume_a="pos", overwrite_a=True).T

2026-04-13 11:32:11,555:WARNING:/Users/gaspardseuge/PycharmProjects/ml-pipeline-assignment/.venv/lib/python3.11/site-packages/sklearn/linear_model/_ridge.py:204: LinAlgWarning: Ill-conditioned matrix (rcond=4.26601e-09): result may not be accurate.
  return linalg.solve(A, Xy, assume_a="pos", overwrite_a=True).T

2026-04-13 11:32:11,560:WARNING:/Users/gaspardseuge/PycharmProjects/ml-pipeline-assignment/.venv/lib/python3.11/site-packages/sklearn/linear_model/_ridge.py:204: LinAlgWarning: Ill-conditioned matrix (rcond=3.99589e-09): result may not be accurate.
  return linalg.solve(A, Xy, assume_a="pos", overwrite_a=True).T

2026-04-13 11:32:11,577:INFO:Calculating mean and std
2026-04-13 11:32:11,577:INFO:Creating metrics dataframe
2026-04-13 11:32:11,578:INFO:Uploading results into container
2026-04-13 11:32:11,578:INFO:Uploading model into container now
2026-04-13 11:32:11,578:INFO:_master_model_container: 6
2026-04-13 11:32:11,578:INFO:_display_container: 2
2026-04-13 11:32:11,578:INFO:RidgeClassifier(alpha=1.0, class_weight=None, copy_X=True, fit_intercept=True,
                max_iter=None, positive=False, random_state=42, solver='auto',
                tol=0.0001)
2026-04-13 11:32:11,578:INFO:create_model() successfully completed......................................
2026-04-13 11:32:11,635:INFO:SubProcess create_model() end ==================================
2026-04-13 11:32:11,635:INFO:Creating metrics dataframe
2026-04-13 11:32:11,637:INFO:Initializing Random Forest Classifier
2026-04-13 11:32:11,637:INFO:Total runtime is 0.11358625094095864 minutes
2026-04-13 11:32:11,637:INFO:SubProcess create_model() called ==================================
2026-04-13 11:32:11,637:INFO:Initializing create_model()
2026-04-13 11:32:11,637:INFO:create_model(self=<pycaret.classification.oop.ClassificationExperiment object at 0x142971310>, estimator=rf, fold=StratifiedKFold(n_splits=10, random_state=None, shuffle=False), round=4, cross_validation=True, predict=True, fit_kwargs={}, groups=None, refit=False, probability_threshold=None, experiment_custom_tags=None, verbose=False, system=False, add_to_model_list=True, metrics=None, display=<pycaret.internal.display.display.CommonDisplay object at 0x147a36c10>, model_only=True, return_train_score=False, error_score=0.0, kwargs={})
2026-04-13 11:32:11,637:INFO:Checking exceptions
2026-04-13 11:32:11,637:INFO:Importing libraries
2026-04-13 11:32:11,637:INFO:Copying training dataset
2026-04-13 11:32:11,640:INFO:Defining folds
2026-04-13 11:32:11,640:INFO:Declaring metric variables
2026-04-13 11:32:11,640:INFO:Importing untrained model
2026-04-13 11:32:11,640:INFO:Random Forest Classifier Imported successfully
2026-04-13 11:32:11,640:INFO:Starting cross validation
2026-04-13 11:32:11,641:INFO:Cross validating with StratifiedKFold(n_splits=10, random_state=None, shuffle=False), n_jobs=-1
2026-04-13 11:32:12,010:INFO:Calculating mean and std
2026-04-13 11:32:12,010:INFO:Creating metrics dataframe
2026-04-13 11:32:12,011:INFO:Uploading results into container
2026-04-13 11:32:12,011:INFO:Uploading model into container now
2026-04-13 11:32:12,012:INFO:_master_model_container: 7
2026-04-13 11:32:12,012:INFO:_display_container: 2
2026-04-13 11:32:12,012:INFO:RandomForestClassifier(bootstrap=True, ccp_alpha=0.0, class_weight=None,
                       criterion='gini', max_depth=None, max_features='sqrt',
                       max_leaf_nodes=None, max_samples=None,
                       min_impurity_decrease=0.0, min_samples_leaf=1,
                       min_samples_split=2, min_weight_fraction_leaf=0.0,
                       monotonic_cst=None, n_estimators=100, n_jobs=-1,
                       oob_score=False, random_state=42, verbose=0,
                       warm_start=False)
2026-04-13 11:32:12,012:INFO:create_model() successfully completed......................................
2026-04-13 11:32:12,064:INFO:SubProcess create_model() end ==================================
2026-04-13 11:32:12,064:INFO:Creating metrics dataframe
2026-04-13 11:32:12,065:INFO:Initializing Quadratic Discriminant Analysis
2026-04-13 11:32:12,065:INFO:Total runtime is 0.12072660128275552 minutes
2026-04-13 11:32:12,065:INFO:SubProcess create_model() called ==================================
2026-04-13 11:32:12,065:INFO:Initializing create_model()
2026-04-13 11:32:12,065:INFO:create_model(self=<pycaret.classification.oop.ClassificationExperiment object at 0x142971310>, estimator=qda, fold=StratifiedKFold(n_splits=10, random_state=None, shuffle=False), round=4, cross_validation=True, predict=True, fit_kwargs={}, groups=None, refit=False, probability_threshold=None, experiment_custom_tags=None, verbose=False, system=False, add_to_model_list=True, metrics=None, display=<pycaret.internal.display.display.CommonDisplay object at 0x147a36c10>, model_only=True, return_train_score=False, error_score=0.0, kwargs={})
2026-04-13 11:32:12,065:INFO:Checking exceptions
2026-04-13 11:32:12,066:INFO:Importing libraries
2026-04-13 11:32:12,066:INFO:Copying training dataset
2026-04-13 11:32:12,068:INFO:Defining folds
2026-04-13 11:32:12,068:INFO:Declaring metric variables
2026-04-13 11:32:12,068:INFO:Importing untrained model
2026-04-13 11:32:12,069:INFO:Quadratic Discriminant Analysis Imported successfully
2026-04-13 11:32:12,069:INFO:Starting cross validation
2026-04-13 11:32:12,069:INFO:Cross validating with StratifiedKFold(n_splits=10, random_state=None, shuffle=False), n_jobs=-1
2026-04-13 11:32:12,123:INFO:Calculating mean and std
2026-04-13 11:32:12,123:INFO:Creating metrics dataframe
2026-04-13 11:32:12,124:INFO:Uploading results into container
2026-04-13 11:32:12,124:INFO:Uploading model into container now
2026-04-13 11:32:12,124:INFO:_master_model_container: 8
2026-04-13 11:32:12,124:INFO:_display_container: 2
2026-04-13 11:32:12,124:INFO:QuadraticDiscriminantAnalysis(priors=None, reg_param=0.0,
                              store_covariance=False, tol=0.0001)
2026-04-13 11:32:12,124:INFO:create_model() successfully completed......................................
2026-04-13 11:32:12,171:INFO:SubProcess create_model() end ==================================
2026-04-13 11:32:12,171:INFO:Creating metrics dataframe
2026-04-13 11:32:12,172:INFO:Initializing Ada Boost Classifier
2026-04-13 11:32:12,172:INFO:Total runtime is 0.12250276803970335 minutes
2026-04-13 11:32:12,172:INFO:SubProcess create_model() called ==================================
2026-04-13 11:32:12,172:INFO:Initializing create_model()
2026-04-13 11:32:12,172:INFO:create_model(self=<pycaret.classification.oop.ClassificationExperiment object at 0x142971310>, estimator=ada, fold=StratifiedKFold(n_splits=10, random_state=None, shuffle=False), round=4, cross_validation=True, predict=True, fit_kwargs={}, groups=None, refit=False, probability_threshold=None, experiment_custom_tags=None, verbose=False, system=False, add_to_model_list=True, metrics=None, display=<pycaret.internal.display.display.CommonDisplay object at 0x147a36c10>, model_only=True, return_train_score=False, error_score=0.0, kwargs={})
2026-04-13 11:32:12,172:INFO:Checking exceptions
2026-04-13 11:32:12,172:INFO:Importing libraries
2026-04-13 11:32:12,172:INFO:Copying training dataset
2026-04-13 11:32:12,175:INFO:Defining folds
2026-04-13 11:32:12,175:INFO:Declaring metric variables
2026-04-13 11:32:12,175:INFO:Importing untrained model
2026-04-13 11:32:12,175:INFO:Ada Boost Classifier Imported successfully
2026-04-13 11:32:12,175:INFO:Starting cross validation
2026-04-13 11:32:12,176:INFO:Cross validating with StratifiedKFold(n_splits=10, random_state=None, shuffle=False), n_jobs=-1
2026-04-13 11:32:12,190:WARNING:/Users/gaspardseuge/PycharmProjects/ml-pipeline-assignment/.venv/lib/python3.11/site-packages/sklearn/ensemble/_weight_boosting.py:519: FutureWarning: The SAMME.R algorithm (the default) is deprecated and will be removed in 1.6. Use the SAMME algorithm to circumvent this warning.
  warnings.warn(

2026-04-13 11:32:12,190:WARNING:/Users/gaspardseuge/PycharmProjects/ml-pipeline-assignment/.venv/lib/python3.11/site-packages/sklearn/ensemble/_weight_boosting.py:519: FutureWarning: The SAMME.R algorithm (the default) is deprecated and will be removed in 1.6. Use the SAMME algorithm to circumvent this warning.
  warnings.warn(

2026-04-13 11:32:12,195:WARNING:/Users/gaspardseuge/PycharmProjects/ml-pipeline-assignment/.venv/lib/python3.11/site-packages/sklearn/ensemble/_weight_boosting.py:519: FutureWarning: The SAMME.R algorithm (the default) is deprecated and will be removed in 1.6. Use the SAMME algorithm to circumvent this warning.
  warnings.warn(

2026-04-13 11:32:12,195:WARNING:/Users/gaspardseuge/PycharmProjects/ml-pipeline-assignment/.venv/lib/python3.11/site-packages/sklearn/ensemble/_weight_boosting.py:519: FutureWarning: The SAMME.R algorithm (the default) is deprecated and will be removed in 1.6. Use the SAMME algorithm to circumvent this warning.
  warnings.warn(

2026-04-13 11:32:12,197:WARNING:/Users/gaspardseuge/PycharmProjects/ml-pipeline-assignment/.venv/lib/python3.11/site-packages/sklearn/ensemble/_weight_boosting.py:519: FutureWarning: The SAMME.R algorithm (the default) is deprecated and will be removed in 1.6. Use the SAMME algorithm to circumvent this warning.
  warnings.warn(

2026-04-13 11:32:12,198:WARNING:/Users/gaspardseuge/PycharmProjects/ml-pipeline-assignment/.venv/lib/python3.11/site-packages/sklearn/ensemble/_weight_boosting.py:519: FutureWarning: The SAMME.R algorithm (the default) is deprecated and will be removed in 1.6. Use the SAMME algorithm to circumvent this warning.
  warnings.warn(

2026-04-13 11:32:12,203:WARNING:/Users/gaspardseuge/PycharmProjects/ml-pipeline-assignment/.venv/lib/python3.11/site-packages/sklearn/ensemble/_weight_boosting.py:519: FutureWarning: The SAMME.R algorithm (the default) is deprecated and will be removed in 1.6. Use the SAMME algorithm to circumvent this warning.
  warnings.warn(

2026-04-13 11:32:12,212:WARNING:/Users/gaspardseuge/PycharmProjects/ml-pipeline-assignment/.venv/lib/python3.11/site-packages/sklearn/ensemble/_weight_boosting.py:519: FutureWarning: The SAMME.R algorithm (the default) is deprecated and will be removed in 1.6. Use the SAMME algorithm to circumvent this warning.
  warnings.warn(

2026-04-13 11:32:12,219:WARNING:/Users/gaspardseuge/PycharmProjects/ml-pipeline-assignment/.venv/lib/python3.11/site-packages/sklearn/ensemble/_weight_boosting.py:519: FutureWarning: The SAMME.R algorithm (the default) is deprecated and will be removed in 1.6. Use the SAMME algorithm to circumvent this warning.
  warnings.warn(

2026-04-13 11:32:12,222:WARNING:/Users/gaspardseuge/PycharmProjects/ml-pipeline-assignment/.venv/lib/python3.11/site-packages/sklearn/ensemble/_weight_boosting.py:519: FutureWarning: The SAMME.R algorithm (the default) is deprecated and will be removed in 1.6. Use the SAMME algorithm to circumvent this warning.
  warnings.warn(

2026-04-13 11:32:12,443:INFO:Calculating mean and std
2026-04-13 11:32:12,444:INFO:Creating metrics dataframe
2026-04-13 11:32:12,444:INFO:Uploading results into container
2026-04-13 11:32:12,445:INFO:Uploading model into container now
2026-04-13 11:32:12,445:INFO:_master_model_container: 9
2026-04-13 11:32:12,445:INFO:_display_container: 2
2026-04-13 11:32:12,445:INFO:AdaBoostClassifier(algorithm='SAMME.R', estimator=None, learning_rate=1.0,
                   n_estimators=50, random_state=42)
2026-04-13 11:32:12,445:INFO:create_model() successfully completed......................................
2026-04-13 11:32:12,497:INFO:SubProcess create_model() end ==================================
2026-04-13 11:32:12,497:INFO:Creating metrics dataframe
2026-04-13 11:32:12,498:INFO:Initializing Gradient Boosting Classifier
2026-04-13 11:32:12,498:INFO:Total runtime is 0.12794275283813475 minutes
2026-04-13 11:32:12,498:INFO:SubProcess create_model() called ==================================
2026-04-13 11:32:12,498:INFO:Initializing create_model()
2026-04-13 11:32:12,498:INFO:create_model(self=<pycaret.classification.oop.ClassificationExperiment object at 0x142971310>, estimator=gbc, fold=StratifiedKFold(n_splits=10, random_state=None, shuffle=False), round=4, cross_validation=True, predict=True, fit_kwargs={}, groups=None, refit=False, probability_threshold=None, experiment_custom_tags=None, verbose=False, system=False, add_to_model_list=True, metrics=None, display=<pycaret.internal.display.display.CommonDisplay object at 0x147a36c10>, model_only=True, return_train_score=False, error_score=0.0, kwargs={})
2026-04-13 11:32:12,498:INFO:Checking exceptions
2026-04-13 11:32:12,498:INFO:Importing libraries
2026-04-13 11:32:12,498:INFO:Copying training dataset
2026-04-13 11:32:12,501:INFO:Defining folds
2026-04-13 11:32:12,501:INFO:Declaring metric variables
2026-04-13 11:32:12,501:INFO:Importing untrained model
2026-04-13 11:32:12,502:INFO:Gradient Boosting Classifier Imported successfully
2026-04-13 11:32:12,502:INFO:Starting cross validation
2026-04-13 11:32:12,502:INFO:Cross validating with StratifiedKFold(n_splits=10, random_state=None, shuffle=False), n_jobs=-1
2026-04-13 11:32:13,583:INFO:Calculating mean and std
2026-04-13 11:32:13,584:INFO:Creating metrics dataframe
2026-04-13 11:32:13,585:INFO:Uploading results into container
2026-04-13 11:32:13,585:INFO:Uploading model into container now
2026-04-13 11:32:13,585:INFO:_master_model_container: 10
2026-04-13 11:32:13,585:INFO:_display_container: 2
2026-04-13 11:32:13,585:INFO:GradientBoostingClassifier(ccp_alpha=0.0, criterion='friedman_mse', init=None,
                           learning_rate=0.1, loss='log_loss', max_depth=3,
                           max_features=None, max_leaf_nodes=None,
                           min_impurity_decrease=0.0, min_samples_leaf=1,
                           min_samples_split=2, min_weight_fraction_leaf=0.0,
                           n_estimators=100, n_iter_no_change=None,
                           random_state=42, subsample=1.0, tol=0.0001,
                           validation_fraction=0.1, verbose=0,
                           warm_start=False)
2026-04-13 11:32:13,585:INFO:create_model() successfully completed......................................
2026-04-13 11:32:13,634:INFO:SubProcess create_model() end ==================================
2026-04-13 11:32:13,634:INFO:Creating metrics dataframe
2026-04-13 11:32:13,635:INFO:Initializing Linear Discriminant Analysis
2026-04-13 11:32:13,635:INFO:Total runtime is 0.1468925317128499 minutes
2026-04-13 11:32:13,635:INFO:SubProcess create_model() called ==================================
2026-04-13 11:32:13,635:INFO:Initializing create_model()
2026-04-13 11:32:13,635:INFO:create_model(self=<pycaret.classification.oop.ClassificationExperiment object at 0x142971310>, estimator=lda, fold=StratifiedKFold(n_splits=10, random_state=None, shuffle=False), round=4, cross_validation=True, predict=True, fit_kwargs={}, groups=None, refit=False, probability_threshold=None, experiment_custom_tags=None, verbose=False, system=False, add_to_model_list=True, metrics=None, display=<pycaret.internal.display.display.CommonDisplay object at 0x147a36c10>, model_only=True, return_train_score=False, error_score=0.0, kwargs={})
2026-04-13 11:32:13,635:INFO:Checking exceptions
2026-04-13 11:32:13,635:INFO:Importing libraries
2026-04-13 11:32:13,635:INFO:Copying training dataset
2026-04-13 11:32:13,638:INFO:Defining folds
2026-04-13 11:32:13,638:INFO:Declaring metric variables
2026-04-13 11:32:13,638:INFO:Importing untrained model
2026-04-13 11:32:13,638:INFO:Linear Discriminant Analysis Imported successfully
2026-04-13 11:32:13,639:INFO:Starting cross validation
2026-04-13 11:32:13,639:INFO:Cross validating with StratifiedKFold(n_splits=10, random_state=None, shuffle=False), n_jobs=-1
2026-04-13 11:32:13,690:INFO:Calculating mean and std
2026-04-13 11:32:13,690:INFO:Creating metrics dataframe
2026-04-13 11:32:13,691:INFO:Uploading results into container
2026-04-13 11:32:13,692:INFO:Uploading model into container now
2026-04-13 11:32:13,692:INFO:_master_model_container: 11
2026-04-13 11:32:13,692:INFO:_display_container: 2
2026-04-13 11:32:13,692:INFO:LinearDiscriminantAnalysis(covariance_estimator=None, n_components=None,
                           priors=None, shrinkage=None, solver='svd',
                           store_covariance=False, tol=0.0001)
2026-04-13 11:32:13,692:INFO:create_model() successfully completed......................................
2026-04-13 11:32:13,748:INFO:SubProcess create_model() end ==================================
2026-04-13 11:32:13,748:INFO:Creating metrics dataframe
2026-04-13 11:32:13,749:INFO:Initializing Extra Trees Classifier
2026-04-13 11:32:13,749:INFO:Total runtime is 0.14879228274027503 minutes
2026-04-13 11:32:13,749:INFO:SubProcess create_model() called ==================================
2026-04-13 11:32:13,749:INFO:Initializing create_model()
2026-04-13 11:32:13,749:INFO:create_model(self=<pycaret.classification.oop.ClassificationExperiment object at 0x142971310>, estimator=et, fold=StratifiedKFold(n_splits=10, random_state=None, shuffle=False), round=4, cross_validation=True, predict=True, fit_kwargs={}, groups=None, refit=False, probability_threshold=None, experiment_custom_tags=None, verbose=False, system=False, add_to_model_list=True, metrics=None, display=<pycaret.internal.display.display.CommonDisplay object at 0x147a36c10>, model_only=True, return_train_score=False, error_score=0.0, kwargs={})
2026-04-13 11:32:13,749:INFO:Checking exceptions
2026-04-13 11:32:13,749:INFO:Importing libraries
2026-04-13 11:32:13,749:INFO:Copying training dataset
2026-04-13 11:32:13,753:INFO:Defining folds
2026-04-13 11:32:13,753:INFO:Declaring metric variables
2026-04-13 11:32:13,753:INFO:Importing untrained model
2026-04-13 11:32:13,753:INFO:Extra Trees Classifier Imported successfully
2026-04-13 11:32:13,753:INFO:Starting cross validation
2026-04-13 11:32:13,754:INFO:Cross validating with StratifiedKFold(n_splits=10, random_state=None, shuffle=False), n_jobs=-1
2026-04-13 11:32:13,959:INFO:Calculating mean and std
2026-04-13 11:32:13,959:INFO:Creating metrics dataframe
2026-04-13 11:32:13,960:INFO:Uploading results into container
2026-04-13 11:32:13,960:INFO:Uploading model into container now
2026-04-13 11:32:13,960:INFO:_master_model_container: 12
2026-04-13 11:32:13,960:INFO:_display_container: 2
2026-04-13 11:32:13,960:INFO:ExtraTreesClassifier(bootstrap=False, ccp_alpha=0.0, class_weight=None,
                     criterion='gini', max_depth=None, max_features='sqrt',
                     max_leaf_nodes=None, max_samples=None,
                     min_impurity_decrease=0.0, min_samples_leaf=1,
                     min_samples_split=2, min_weight_fraction_leaf=0.0,
                     monotonic_cst=None, n_estimators=100, n_jobs=-1,
                     oob_score=False, random_state=42, verbose=0,
                     warm_start=False)
2026-04-13 11:32:13,960:INFO:create_model() successfully completed......................................
2026-04-13 11:32:14,017:INFO:SubProcess create_model() end ==================================
2026-04-13 11:32:14,017:INFO:Creating metrics dataframe
2026-04-13 11:32:14,019:INFO:Initializing Light Gradient Boosting Machine
2026-04-13 11:32:14,019:INFO:Total runtime is 0.15328691800435382 minutes
2026-04-13 11:32:14,019:INFO:SubProcess create_model() called ==================================
2026-04-13 11:32:14,019:INFO:Initializing create_model()
2026-04-13 11:32:14,019:INFO:create_model(self=<pycaret.classification.oop.ClassificationExperiment object at 0x142971310>, estimator=lightgbm, fold=StratifiedKFold(n_splits=10, random_state=None, shuffle=False), round=4, cross_validation=True, predict=True, fit_kwargs={}, groups=None, refit=False, probability_threshold=None, experiment_custom_tags=None, verbose=False, system=False, add_to_model_list=True, metrics=None, display=<pycaret.internal.display.display.CommonDisplay object at 0x147a36c10>, model_only=True, return_train_score=False, error_score=0.0, kwargs={})
2026-04-13 11:32:14,019:INFO:Checking exceptions
2026-04-13 11:32:14,019:INFO:Importing libraries
2026-04-13 11:32:14,019:INFO:Copying training dataset
2026-04-13 11:32:14,022:INFO:Defining folds
2026-04-13 11:32:14,022:INFO:Declaring metric variables
2026-04-13 11:32:14,022:INFO:Importing untrained model
2026-04-13 11:32:14,023:INFO:Light Gradient Boosting Machine Imported successfully
2026-04-13 11:32:14,023:INFO:Starting cross validation
2026-04-13 11:32:14,023:INFO:Cross validating with StratifiedKFold(n_splits=10, random_state=None, shuffle=False), n_jobs=-1
2026-04-13 11:32:18,884:INFO:Calculating mean and std
2026-04-13 11:32:18,885:INFO:Creating metrics dataframe
2026-04-13 11:32:18,892:INFO:Uploading results into container
2026-04-13 11:32:18,894:INFO:Uploading model into container now
2026-04-13 11:32:18,895:INFO:_master_model_container: 13
2026-04-13 11:32:18,895:INFO:_display_container: 2
2026-04-13 11:32:18,897:INFO:LGBMClassifier(boosting_type='gbdt', class_weight=None, colsample_bytree=1.0,
               importance_type='split', learning_rate=0.1, max_depth=-1,
               min_child_samples=20, min_child_weight=0.001, min_split_gain=0.0,
               n_estimators=100, n_jobs=-1, num_leaves=31, objective=None,
               random_state=42, reg_alpha=0.0, reg_lambda=0.0, subsample=1.0,
               subsample_for_bin=200000, subsample_freq=0)
2026-04-13 11:32:18,897:INFO:create_model() successfully completed......................................
2026-04-13 11:32:19,045:INFO:SubProcess create_model() end ==================================
2026-04-13 11:32:19,045:INFO:Creating metrics dataframe
2026-04-13 11:32:19,046:INFO:Initializing Dummy Classifier
2026-04-13 11:32:19,046:INFO:Total runtime is 0.2370737353960673 minutes
2026-04-13 11:32:19,046:INFO:SubProcess create_model() called ==================================
2026-04-13 11:32:19,046:INFO:Initializing create_model()
2026-04-13 11:32:19,046:INFO:create_model(self=<pycaret.classification.oop.ClassificationExperiment object at 0x142971310>, estimator=dummy, fold=StratifiedKFold(n_splits=10, random_state=None, shuffle=False), round=4, cross_validation=True, predict=True, fit_kwargs={}, groups=None, refit=False, probability_threshold=None, experiment_custom_tags=None, verbose=False, system=False, add_to_model_list=True, metrics=None, display=<pycaret.internal.display.display.CommonDisplay object at 0x147a36c10>, model_only=True, return_train_score=False, error_score=0.0, kwargs={})
2026-04-13 11:32:19,046:INFO:Checking exceptions
2026-04-13 11:32:19,046:INFO:Importing libraries
2026-04-13 11:32:19,046:INFO:Copying training dataset
2026-04-13 11:32:19,050:INFO:Defining folds
2026-04-13 11:32:19,050:INFO:Declaring metric variables
2026-04-13 11:32:19,050:INFO:Importing untrained model
2026-04-13 11:32:19,050:INFO:Dummy Classifier Imported successfully
2026-04-13 11:32:19,050:INFO:Starting cross validation
2026-04-13 11:32:19,051:INFO:Cross validating with StratifiedKFold(n_splits=10, random_state=None, shuffle=False), n_jobs=-1
2026-04-13 11:32:19,114:INFO:Calculating mean and std
2026-04-13 11:32:19,114:INFO:Creating metrics dataframe
2026-04-13 11:32:19,115:INFO:Uploading results into container
2026-04-13 11:32:19,115:INFO:Uploading model into container now
2026-04-13 11:32:19,115:INFO:_master_model_container: 14
2026-04-13 11:32:19,115:INFO:_display_container: 2
2026-04-13 11:32:19,115:INFO:DummyClassifier(constant=None, random_state=42, strategy='prior')
2026-04-13 11:32:19,115:INFO:create_model() successfully completed......................................
2026-04-13 11:32:19,163:INFO:SubProcess create_model() end ==================================
2026-04-13 11:32:19,163:INFO:Creating metrics dataframe
2026-04-13 11:32:19,165:INFO:Initializing create_model()
2026-04-13 11:32:19,165:INFO:create_model(self=<pycaret.classification.oop.ClassificationExperiment object at 0x142971310>, estimator=LGBMClassifier(boosting_type='gbdt', class_weight=None, colsample_bytree=1.0,
               importance_type='split', learning_rate=0.1, max_depth=-1,
               min_child_samples=20, min_child_weight=0.001, min_split_gain=0.0,
               n_estimators=100, n_jobs=-1, num_leaves=31, objective=None,
               random_state=42, reg_alpha=0.0, reg_lambda=0.0, subsample=1.0,
               subsample_for_bin=200000, subsample_freq=0), fold=StratifiedKFold(n_splits=10, random_state=None, shuffle=False), round=4, cross_validation=False, predict=False, fit_kwargs={}, groups=None, refit=True, probability_threshold=None, experiment_custom_tags=None, verbose=False, system=False, add_to_model_list=True, metrics=None, display=None, model_only=True, return_train_score=False, error_score=0.0, kwargs={})
2026-04-13 11:32:19,165:INFO:Checking exceptions
2026-04-13 11:32:19,166:INFO:Importing libraries
2026-04-13 11:32:19,166:INFO:Copying training dataset
2026-04-13 11:32:19,169:INFO:Defining folds
2026-04-13 11:32:19,169:INFO:Declaring metric variables
2026-04-13 11:32:19,169:INFO:Importing untrained model
2026-04-13 11:32:19,169:INFO:Declaring custom model
2026-04-13 11:32:19,169:INFO:Light Gradient Boosting Machine Imported successfully
2026-04-13 11:32:19,170:INFO:Cross validation set to False
2026-04-13 11:32:19,170:INFO:Fitting Model
2026-04-13 11:32:19,181:INFO:[LightGBM] [Warning] Found whitespace in feature_names, replace with underlines
2026-04-13 11:32:19,182:INFO:[LightGBM] [Info] Number of positive: 749, number of negative: 445
2026-04-13 11:32:19,182:INFO:[LightGBM] [Info] Auto-choosing col-wise multi-threading, the overhead of testing was 0.000415 seconds.
2026-04-13 11:32:19,182:INFO:You can set `force_col_wise=true` to remove the overhead.
2026-04-13 11:32:19,182:INFO:[LightGBM] [Info] Total Bins 7650
2026-04-13 11:32:19,183:INFO:[LightGBM] [Info] Number of data points in the train set: 1194, number of used features: 30
2026-04-13 11:32:19,183:INFO:[LightGBM] [Info] [binary:BoostFromScore]: pavg=0.627303 -> initscore=0.520665
2026-04-13 11:32:19,183:INFO:[LightGBM] [Info] Start training from score 0.520665
2026-04-13 11:32:19,187:INFO:[LightGBM] [Warning] No further splits with positive gain, best gain: -inf
2026-04-13 11:32:19,191:INFO:[LightGBM] [Warning] No further splits with positive gain, best gain: -inf
2026-04-13 11:32:19,196:INFO:[LightGBM] [Warning] No further splits with positive gain, best gain: -inf
2026-04-13 11:32:19,202:INFO:[LightGBM] [Warning] No further splits with positive gain, best gain: -inf
2026-04-13 11:32:19,737:INFO:LGBMClassifier(boosting_type='gbdt', class_weight=None, colsample_bytree=1.0,
               importance_type='split', learning_rate=0.1, max_depth=-1,
               min_child_samples=20, min_child_weight=0.001, min_split_gain=0.0,
               n_estimators=100, n_jobs=-1, num_leaves=31, objective=None,
               random_state=42, reg_alpha=0.0, reg_lambda=0.0, subsample=1.0,
               subsample_for_bin=200000, subsample_freq=0)
2026-04-13 11:32:19,737:INFO:create_model() successfully completed......................................
2026-04-13 11:32:19,782:INFO:Initializing create_model()
2026-04-13 11:32:19,782:INFO:create_model(self=<pycaret.classification.oop.ClassificationExperiment object at 0x142971310>, estimator=GradientBoostingClassifier(ccp_alpha=0.0, criterion='friedman_mse', init=None,
                           learning_rate=0.1, loss='log_loss', max_depth=3,
                           max_features=None, max_leaf_nodes=None,
                           min_impurity_decrease=0.0, min_samples_leaf=1,
                           min_samples_split=2, min_weight_fraction_leaf=0.0,
                           n_estimators=100, n_iter_no_change=None,
                           random_state=42, subsample=1.0, tol=0.0001,
                           validation_fraction=0.1, verbose=0,
                           warm_start=False), fold=StratifiedKFold(n_splits=10, random_state=None, shuffle=False), round=4, cross_validation=False, predict=False, fit_kwargs={}, groups=None, refit=True, probability_threshold=None, experiment_custom_tags=None, verbose=False, system=False, add_to_model_list=True, metrics=None, display=None, model_only=True, return_train_score=False, error_score=0.0, kwargs={})
2026-04-13 11:32:19,782:INFO:Checking exceptions
2026-04-13 11:32:19,782:INFO:Importing libraries
2026-04-13 11:32:19,782:INFO:Copying training dataset
2026-04-13 11:32:19,785:INFO:Defining folds
2026-04-13 11:32:19,785:INFO:Declaring metric variables
2026-04-13 11:32:19,785:INFO:Importing untrained model
2026-04-13 11:32:19,785:INFO:Declaring custom model
2026-04-13 11:32:19,786:INFO:Gradient Boosting Classifier Imported successfully
2026-04-13 11:32:19,786:INFO:Cross validation set to False
2026-04-13 11:32:19,786:INFO:Fitting Model
2026-04-13 11:32:20,834:INFO:GradientBoostingClassifier(ccp_alpha=0.0, criterion='friedman_mse', init=None,
                           learning_rate=0.1, loss='log_loss', max_depth=3,
                           max_features=None, max_leaf_nodes=None,
                           min_impurity_decrease=0.0, min_samples_leaf=1,
                           min_samples_split=2, min_weight_fraction_leaf=0.0,
                           n_estimators=100, n_iter_no_change=None,
                           random_state=42, subsample=1.0, tol=0.0001,
                           validation_fraction=0.1, verbose=0,
                           warm_start=False)
2026-04-13 11:32:20,835:INFO:create_model() successfully completed......................................
2026-04-13 11:32:20,886:INFO:Initializing create_model()
2026-04-13 11:32:20,886:INFO:create_model(self=<pycaret.classification.oop.ClassificationExperiment object at 0x142971310>, estimator=RandomForestClassifier(bootstrap=True, ccp_alpha=0.0, class_weight=None,
                       criterion='gini', max_depth=None, max_features='sqrt',
                       max_leaf_nodes=None, max_samples=None,
                       min_impurity_decrease=0.0, min_samples_leaf=1,
                       min_samples_split=2, min_weight_fraction_leaf=0.0,
                       monotonic_cst=None, n_estimators=100, n_jobs=-1,
                       oob_score=False, random_state=42, verbose=0,
                       warm_start=False), fold=StratifiedKFold(n_splits=10, random_state=None, shuffle=False), round=4, cross_validation=False, predict=False, fit_kwargs={}, groups=None, refit=True, probability_threshold=None, experiment_custom_tags=None, verbose=False, system=False, add_to_model_list=True, metrics=None, display=None, model_only=True, return_train_score=False, error_score=0.0, kwargs={})
2026-04-13 11:32:20,886:INFO:Checking exceptions
2026-04-13 11:32:20,886:INFO:Importing libraries
2026-04-13 11:32:20,886:INFO:Copying training dataset
2026-04-13 11:32:20,889:INFO:Defining folds
2026-04-13 11:32:20,889:INFO:Declaring metric variables
2026-04-13 11:32:20,889:INFO:Importing untrained model
2026-04-13 11:32:20,889:INFO:Declaring custom model
2026-04-13 11:32:20,889:INFO:Random Forest Classifier Imported successfully
2026-04-13 11:32:20,890:INFO:Cross validation set to False
2026-04-13 11:32:20,890:INFO:Fitting Model
2026-04-13 11:32:20,997:INFO:RandomForestClassifier(bootstrap=True, ccp_alpha=0.0, class_weight=None,
                       criterion='gini', max_depth=None, max_features='sqrt',
                       max_leaf_nodes=None, max_samples=None,
                       min_impurity_decrease=0.0, min_samples_leaf=1,
                       min_samples_split=2, min_weight_fraction_leaf=0.0,
                       monotonic_cst=None, n_estimators=100, n_jobs=-1,
                       oob_score=False, random_state=42, verbose=0,
                       warm_start=False)
2026-04-13 11:32:20,997:INFO:create_model() successfully completed......................................
2026-04-13 11:32:21,045:INFO:_master_model_container: 14
2026-04-13 11:32:21,045:INFO:_display_container: 2
2026-04-13 11:32:21,046:INFO:[LGBMClassifier(boosting_type='gbdt', class_weight=None, colsample_bytree=1.0,
               importance_type='split', learning_rate=0.1, max_depth=-1,
               min_child_samples=20, min_child_weight=0.001, min_split_gain=0.0,
               n_estimators=100, n_jobs=-1, num_leaves=31, objective=None,
               random_state=42, reg_alpha=0.0, reg_lambda=0.0, subsample=1.0,
               subsample_for_bin=200000, subsample_freq=0), GradientBoostingClassifier(ccp_alpha=0.0, criterion='friedman_mse', init=None,
                           learning_rate=0.1, loss='log_loss', max_depth=3,
                           max_features=None, max_leaf_nodes=None,
                           min_impurity_decrease=0.0, min_samples_leaf=1,
                           min_samples_split=2, min_weight_fraction_leaf=0.0,
                           n_estimators=100, n_iter_no_change=None,
                           random_state=42, subsample=1.0, tol=0.0001,
                           validation_fraction=0.1, verbose=0,
                           warm_start=False), RandomForestClassifier(bootstrap=True, ccp_alpha=0.0, class_weight=None,
                       criterion='gini', max_depth=None, max_features='sqrt',
                       max_leaf_nodes=None, max_samples=None,
                       min_impurity_decrease=0.0, min_samples_leaf=1,
                       min_samples_split=2, min_weight_fraction_leaf=0.0,
                       monotonic_cst=None, n_estimators=100, n_jobs=-1,
                       oob_score=False, random_state=42, verbose=0,
                       warm_start=False)]
2026-04-13 11:32:21,046:INFO:compare_models() successfully completed......................................
2026-04-13 11:32:21,047:INFO:Initializing plot_model()
2026-04-13 11:32:21,047:INFO:plot_model(self=<pycaret.classification.oop.ClassificationExperiment object at 0x142971310>, estimator=LGBMClassifier(boosting_type='gbdt', class_weight=None, colsample_bytree=1.0,
               importance_type='split', learning_rate=0.1, max_depth=-1,
               min_child_samples=20, min_child_weight=0.001, min_split_gain=0.0,
               n_estimators=100, n_jobs=-1, num_leaves=31, objective=None,
               random_state=42, reg_alpha=0.0, reg_lambda=0.0, subsample=1.0,
               subsample_for_bin=200000, subsample_freq=0), plot=confusion_matrix, scale=1, save=True, fold=None, fit_kwargs=None, plot_kwargs=None, groups=None, feature_name=None, label=False, verbose=False, system=True, display=None, display_format=None)
2026-04-13 11:32:21,048:INFO:Checking exceptions
2026-04-13 11:32:21,049:INFO:Preloading libraries
2026-04-13 11:32:21,051:INFO:Copying training dataset
2026-04-13 11:32:21,051:INFO:Plot type: confusion_matrix
2026-04-13 11:32:21,402:INFO:Fitting Model
2026-04-13 11:32:21,402:INFO:Scoring test/hold-out set
2026-04-13 11:32:21,437:INFO:Saving 'Confusion Matrix.png'
2026-04-13 11:32:21,961:INFO:Visual Rendered Successfully
2026-04-13 11:32:22,037:INFO:plot_model() successfully completed......................................
2026-04-13 11:32:22,040:INFO:Initializing save_model()
2026-04-13 11:32:22,040:INFO:save_model(model=LGBMClassifier(boosting_type='gbdt', class_weight=None, colsample_bytree=1.0,
               importance_type='split', learning_rate=0.1, max_depth=-1,
               min_child_samples=20, min_child_weight=0.001, min_split_gain=0.0,
               n_estimators=100, n_jobs=-1, num_leaves=31, objective=None,
               random_state=42, reg_alpha=0.0, reg_lambda=0.0, subsample=1.0,
               subsample_for_bin=200000, subsample_freq=0), model_name=best_pipeline, prep_pipe_=Pipeline(memory=FastMemory(location=/var/folders/8x/vthsjvhx71n28nk1gw0yfng40000gn/T/joblib),
         steps=[('numerical_imputer',
                 TransformerWrapper(exclude=None,
                                    include=['mean radius', 'mean texture',
                                             'mean perimeter', 'mean area',
                                             'mean smoothness',
                                             'mean compactness',
                                             'mean concavity',
                                             'mean concave points',
                                             'mean symmetry',
                                             'mean fractal dimension',
                                             'radius error', 'texture err...
                ('categorical_imputer',
                 TransformerWrapper(exclude=None, include=[],
                                    transformer=SimpleImputer(add_indicator=False,
                                                              copy=True,
                                                              fill_value=None,
                                                              keep_empty_features=False,
                                                              missing_values=nan,
                                                              strategy='most_frequent'))),
                ('clean_column_names',
                 TransformerWrapper(exclude=None, include=None,
                                    transformer=CleanColumnNames(match='[\\]\\[\\,\\{\\}\\"\\:]+')))],
         verbose=False), verbose=True, use_case=MLUsecase.CLASSIFICATION, kwargs={})
2026-04-13 11:32:22,040:INFO:Adding model into prep_pipe
2026-04-13 11:32:22,044:INFO:best_pipeline.pkl saved in current working directory
2026-04-13 11:32:22,047:INFO:Pipeline(memory=Memory(location=None),
         steps=[('numerical_imputer',
                 TransformerWrapper(exclude=None,
                                    include=['mean radius', 'mean texture',
                                             'mean perimeter', 'mean area',
                                             'mean smoothness',
                                             'mean compactness',
                                             'mean concavity',
                                             'mean concave points',
                                             'mean symmetry',
                                             'mean fractal dimension',
                                             'radius error', 'texture error',
                                             'perimeter error', 'area error',
                                             'smoothness error',
                                             'com...
                 LGBMClassifier(boosting_type='gbdt', class_weight=None,
                                colsample_bytree=1.0, importance_type='split',
                                learning_rate=0.1, max_depth=-1,
                                min_child_samples=20, min_child_weight=0.001,
                                min_split_gain=0.0, n_estimators=100, n_jobs=-1,
                                num_leaves=31, objective=None, random_state=42,
                                reg_alpha=0.0, reg_lambda=0.0, subsample=1.0,
                                subsample_for_bin=200000, subsample_freq=0))],
         verbose=False)
2026-04-13 11:32:22,047:INFO:save_model() successfully completed......................................
2026-04-13 11:35:41,576:WARNING:
'cuml' is a soft dependency and not included in the pycaret installation. Please run: `pip install cuml` to install.
2026-04-13 11:35:41,576:WARNING:
'cuml' is a soft dependency and not included in the pycaret installation. Please run: `pip install cuml` to install.
2026-04-13 11:35:41,576:WARNING:
'cuml' is a soft dependency and not included in the pycaret installation. Please run: `pip install cuml` to install.
2026-04-13 11:35:41,576:WARNING:
'cuml' is a soft dependency and not included in the pycaret installation. Please run: `pip install cuml` to install.
2026-04-13 11:35:42,496:INFO:Initializing load_model()
2026-04-13 11:35:42,496:INFO:load_model(model_name=best_pipeline, platform=None, authentication=None, verbose=True)
2026-04-13 11:35:42,536:WARNING:/Users/gaspardseuge/PycharmProjects/ml-pipeline-assignment/.venv/lib/python3.11/site-packages/_distutils_hack/__init__.py:30: UserWarning: Setuptools is replacing distutils. Support for replacing an already imported distutils is deprecated. In the future, this condition will fail. Register concerns at https://github.com/pypa/setuptools/issues/new?template=distutils-deprecation.yml
  warnings.warn(

2026-04-13 11:41:33,293:WARNING:
'cuml' is a soft dependency and not included in the pycaret installation. Please run: `pip install cuml` to install.
2026-04-13 11:41:33,293:WARNING:
'cuml' is a soft dependency and not included in the pycaret installation. Please run: `pip install cuml` to install.
2026-04-13 11:41:33,293:WARNING:
'cuml' is a soft dependency and not included in the pycaret installation. Please run: `pip install cuml` to install.
2026-04-13 11:41:33,293:WARNING:
'cuml' is a soft dependency and not included in the pycaret installation. Please run: `pip install cuml` to install.
2026-04-13 11:41:34,337:INFO:Initializing load_model()
2026-04-13 11:41:34,337:INFO:load_model(model_name=best_pipeline, platform=None, authentication=None, verbose=True)
2026-04-13 11:41:34,381:WARNING:/Users/gaspardseuge/PycharmProjects/ml-pipeline-assignment/.venv/lib/python3.11/site-packages/_distutils_hack/__init__.py:30: UserWarning: Setuptools is replacing distutils. Support for replacing an already imported distutils is deprecated. In the future, this condition will fail. Register concerns at https://github.com/pypa/setuptools/issues/new?template=distutils-deprecation.yml
  warnings.warn(

2026-04-13 11:43:57,928:WARNING:
'cuml' is a soft dependency and not included in the pycaret installation. Please run: `pip install cuml` to install.
2026-04-13 11:43:57,928:WARNING:
'cuml' is a soft dependency and not included in the pycaret installation. Please run: `pip install cuml` to install.
2026-04-13 11:43:57,928:WARNING:
'cuml' is a soft dependency and not included in the pycaret installation. Please run: `pip install cuml` to install.
2026-04-13 11:43:57,928:WARNING:
'cuml' is a soft dependency and not included in the pycaret installation. Please run: `pip install cuml` to install.
2026-04-13 11:43:58,867:INFO:Initializing load_model()
2026-04-13 11:43:58,868:INFO:load_model(model_name=best_pipeline, platform=None, authentication=None, verbose=True)
2026-04-13 11:43:58,904:WARNING:/Users/gaspardseuge/PycharmProjects/ml-pipeline-assignment/.venv/lib/python3.11/site-packages/_distutils_hack/__init__.py:30: UserWarning: Setuptools is replacing distutils. Support for replacing an already imported distutils is deprecated. In the future, this condition will fail. Register concerns at https://github.com/pypa/setuptools/issues/new?template=distutils-deprecation.yml
  warnings.warn(

2026-04-13 11:44:23,627:WARNING:
'cuml' is a soft dependency and not included in the pycaret installation. Please run: `pip install cuml` to install.
2026-04-13 11:44:23,627:WARNING:
'cuml' is a soft dependency and not included in the pycaret installation. Please run: `pip install cuml` to install.
2026-04-13 11:44:23,627:WARNING:
'cuml' is a soft dependency and not included in the pycaret installation. Please run: `pip install cuml` to install.
2026-04-13 11:44:23,627:WARNING:
'cuml' is a soft dependency and not included in the pycaret installation. Please run: `pip install cuml` to install.
2026-04-13 11:44:24,487:INFO:Initializing load_model()
2026-04-13 11:44:24,488:INFO:load_model(model_name=best_pipeline, platform=None, authentication=None, verbose=True)
2026-04-13 11:44:24,519:WARNING:/Users/gaspardseuge/PycharmProjects/ml-pipeline-assignment/.venv/lib/python3.11/site-packages/_distutils_hack/__init__.py:30: UserWarning: Setuptools is replacing distutils. Support for replacing an already imported distutils is deprecated. In the future, this condition will fail. Register concerns at https://github.com/pypa/setuptools/issues/new?template=distutils-deprecation.yml
  warnings.warn(

2026-04-13 11:44:24,578:INFO:Initializing predict_model()
2026-04-13 11:44:24,578:INFO:predict_model(self=<pycaret.classification.oop.ClassificationExperiment object at 0x148ead750>, estimator=Pipeline(memory=Memory(location=None),
         steps=[('numerical_imputer',
                 TransformerWrapper(include=['mean radius', 'mean texture',
                                             'mean perimeter', 'mean area',
                                             'mean smoothness',
                                             'mean compactness',
                                             'mean concavity',
                                             'mean concave points',
                                             'mean symmetry',
                                             'mean fractal dimension',
                                             'radius error', 'texture error',
                                             'perimeter error', 'area error',
                                             'smoothness error',
                                             'compactness error...
                                             'worst concavity',
                                             'worst concave points',
                                             'worst symmetry',
                                             'worst fractal dimension'],
                                    transformer=SimpleImputer())),
                ('categorical_imputer',
                 TransformerWrapper(include=[],
                                    transformer=SimpleImputer(strategy='most_frequent'))),
                ('clean_column_names',
                 TransformerWrapper(transformer=CleanColumnNames())),
                ('trained_model', LGBMClassifier(n_jobs=-1, random_state=42))]), probability_threshold=None, encoded_labels=False, raw_score=False, round=4, verbose=True, ml_usecase=None, preprocess=True, encode_labels=<function _SupervisedExperiment.predict_model.<locals>.encode_labels at 0x1098cac00>)
2026-04-13 11:44:24,578:INFO:Checking exceptions
2026-04-13 11:44:24,578:INFO:Preloading libraries
2026-04-13 11:44:24,580:INFO:Set up data.
2026-04-13 11:44:24,583:INFO:Set up index.
